<?xml version="1.0" encoding="UTF-8"?>
<!-- Generated by org.testng.reporters.JUnitReportReporter -->
<testsuite hostname="DESKTOP-GET1OHG" failures="0" tests="2" name="day07.TestCase" time="19.851" errors="0" timestamp="2023-07-06T09:01:05 IST" skipped="0">
  <testcase classname="day07.TestCase" name="testCase01" time="11.926"/>
  <system-out/>
  <testcase classname="day07.TestCase" name="testCase02" time="7.925"/>
  <system-out/>
</testsuite> <!-- day07.TestCase -->
