<?xml version="1.0" encoding="UTF-8"?>
<!-- Generated by org.testng.reporters.JUnitReportReporter -->
<testsuite hostname="DESKTOP-GET1OHG" failures="0" tests="3" name="day06.Program1" time="29.940" errors="0" timestamp="2023-07-04T09:00:41 IST" skipped="0">
  <testcase classname="day06.Program1" name="tc02" time="8.411"/>
  <system-out/>
  <testcase classname="day06.Program1" name="tc01" time="12.735"/>
  <system-out/>
  <testcase classname="day06.Program1" name="tc03" time="8.794"/>
  <system-out/>
</testsuite> <!-- day06.Program1 -->
