<?xml version="1.0" encoding="UTF-8"?>
<!-- Generated by org.testng.reporters.JUnitReportReporter -->
<testsuite hostname="DESKTOP-GET1OHG" failures="0" tests="6" name="day04.Program2" time="0.026" errors="0" timestamp="2023-06-30T08:34:45 IST" skipped="2">
  <testcase classname="day04.Program2" name="testcase06" time="0.013"/>
  <system-out/>
  <testcase classname="day04.Program2" name="testcase02" time="0.002"/>
  <system-out/>
  <testcase classname="day04.Program2" name="testcase01" time="0.002"/>
  <system-out/>
  <testcase classname="day04.Program2" name="testcase05" time="0.009"/>
  <system-out/>
  <testcase classname="day04.Program2" name="testcase04">
    <skipped/>
  </testcase> <!-- testcase04 -->
  <system-out/>
  <testcase classname="day04.Program2" name="testcase03">
    <skipped/>
  </testcase> <!-- testcase03 -->
  <system-out/>
</testsuite> <!-- day04.Program2 -->
