<?xml version="1.0" encoding="UTF-8"?>
<!-- Generated by org.testng.reporters.JUnitReportReporter -->
<testsuite hostname="DESKTOP-GET1OHG" failures="0" tests="6" name="day05.Program1" time="0.022" errors="0" timestamp="2023-07-03T08:15:51 IST" skipped="0">
  <testcase classname="day05.Program1" name="testcase05" time="0.002"/>
  <system-out/>
  <testcase classname="day05.Program1" name="testcase04" time="0.003"/>
  <system-out/>
  <testcase classname="day05.Program1" name="testcase01" time="0.002"/>
  <system-out/>
  <testcase classname="day05.Program1" name="testcase03" time="0.010"/>
  <system-out/>
  <testcase classname="day05.Program1" name="testcase06" time="0.001"/>
  <system-out/>
  <testcase classname="day05.Program1" name="testcase02" time="0.004"/>
  <system-out/>
</testsuite> <!-- day05.Program1 -->
