<?xml version="1.0" encoding="UTF-8"?>
<!-- Generated by org.testng.reporters.JUnitReportReporter -->
<testsuite hostname="DESKTOP-GET1OHG" failures="0" tests="3" name="day04.Program1" time="0.015" errors="0" timestamp="2023-06-30T08:31:54 IST" skipped="0">
  <testcase classname="day04.Program1" name="testcase03" time="0.009"/>
  <system-out/>
  <testcase classname="day04.Program1" name="testcase02" time="0.004"/>
  <system-out/>
  <testcase classname="day04.Program1" name="testcase01" time="0.002"/>
  <system-out/>
</testsuite> <!-- day04.Program1 -->
