<?xml version="1.0" encoding="UTF-8"?>
<!-- Generated by org.testng.reporters.JUnitReportReporter -->
<testsuite hostname="DESKTOP-GET1OHG" failures="0" tests="2" name="day05.Program5" time="0.003" errors="0" timestamp="2023-07-03T08:46:18 IST" skipped="0">
  <testcase classname="day05.Program5" name="testcase04" time="0.001"/>
  <system-out/>
  <testcase classname="day05.Program5" name="testcase05" time="0.002"/>
  <system-out/>
</testsuite> <!-- day05.Program5 -->
