<?xml version="1.0" encoding="UTF-8"?>
<!-- Generated by org.testng.reporters.JUnitReportReporter -->
<testsuite hostname="DESKTOP-GET1OHG" failures="0" tests="2" name="day05.Program3" time="0.014" errors="0" timestamp="2023-07-03T08:21:54 IST" skipped="0">
  <testcase classname="day05.Program3" name="testcase01" time="0.010"/>
  <system-out/>
  <testcase classname="day05.Program3" name="testcase02" time="0.004"/>
  <system-out/>
</testsuite> <!-- day05.Program3 -->
