<?xml version="1.0" encoding="UTF-8"?>
<!-- Generated by org.testng.reporters.JUnitReportReporter -->
<testsuite hostname="DESKTOP-GET1OHG" failures="0" tests="2" name="day05.Program4" time="0.013" errors="0" timestamp="2023-07-03T08:46:18 IST" skipped="0">
  <testcase classname="day05.Program4" name="testcase03" time="0.002"/>
  <system-out/>
  <testcase classname="day05.Program4" name="testcase01" time="0.011"/>
  <system-out/>
</testsuite> <!-- day05.Program4 -->
