<?xml version="1.0" encoding="UTF-8"?>
<!-- Generated by org.testng.reporters.JUnitReportReporter -->
<testsuite hostname="DESKTOP-GET1OHG" failures="0" tests="5" name="day05.Program6" time="0.018" errors="0" timestamp="2023-07-03T08:56:12 IST" skipped="0">
  <testcase classname="day05.Program6" name="testcase01" time="0.005"/>
  <system-out/>
  <testcase classname="day05.Program6" name="testcase06" time="0.005"/>
  <system-out/>
  <testcase classname="day05.Program6" name="testcase03" time="0.002"/>
  <system-out/>
  <testcase classname="day05.Program6" name="testcase02" time="0.004"/>
  <system-out/>
  <testcase classname="day05.Program6" name="testcase04" time="0.002"/>
  <system-out/>
</testsuite> <!-- day05.Program6 -->
