<?xml version="1.0" encoding="UTF-8"?>
<!-- Generated by org.testng.reporters.JUnitReportReporter -->
<testsuite hostname="DESKTOP-GET1OHG" failures="0" tests="2" name="day09.TestCase" time="21.030" errors="0" timestamp="2023-07-10T09:12:10 IST" skipped="0">
  <testcase classname="day09.TestCase" name="testCase02" time="0.124"/>
  <system-out/>
  <testcase classname="day09.TestCase" name="testCase01" time="20.906"/>
  <system-out/>
</testsuite> <!-- day09.TestCase -->
